<?xml version="1.0" encoding="UTF-8"?>
<!-- Generated by org.testng.reporters.JUnitReportReporter -->
<testsuite hostname="Prasad" failures="0" tests="3" name="Files.DynamicJson" time="4.246" errors="0" timestamp="2024-02-15T14:56:39 IST" skipped="0">
  <testcase classname="Files.DynamicJson" name="AddBook" time="3.918"/>
  <testcase classname="Files.DynamicJson" name="AddBook" time="0.187"/>
  <testcase classname="Files.DynamicJson" name="AddBook" time="0.141"/>
</testsuite> <!-- Files.DynamicJson -->
