<?xml version="1.0" encoding="UTF-8"?>
<!-- Generated by org.testng.reporters.JUnitReportReporter -->
<testsuite hostname="Prasad" failures="0" tests="1" name="Files.SumValidation" time="3.014" errors="0" timestamp="2024-02-13T13:33:25 IST" skipped="0">
  <testcase classname="Files.SumValidation" name="Sumcourse" time="3.014"/>
</testsuite> <!-- Files.SumValidation -->
